2018-05-01 11:30:19,102 [ INFO] com.company.Main Parametrs: -egg foo at com.company.Main.main(Main.java:25)
2018-05-01 11:30:29,381 [ INFO] com.company.Main Parametrs: -login pa -pass 12 at com.company.Main.main(Main.java:25)
2018-05-01 11:30:32,214 [ INFO] com.company.Main Parametrs: -login pa -pass 12 -res A.B.C -role WRITE  at com.company.Main.main(Main.java:25)
2018-05-01 11:36:26,137 [ INFO] com.company.Main Parametrs: -egg foo at com.company.Main.main(Main.java:25)
2018-05-01 11:36:31,101 [ INFO] com.company.Main Parametrs: -login pa -pass 12 at com.company.Main.main(Main.java:25)
2018-05-01 11:36:31,902 [DEBUG] com.company.autorization.Autorization Autorization success at com.company.autorization.Autorization.isAutorized(Autorization.java:50)
2018-05-01 11:36:34,262 [ INFO] com.company.Main Parametrs: -login pa -pass 12 -res A.B.C -role WRITE  at com.company.Main.main(Main.java:25)
2018-05-01 11:36:42,258 [DEBUG] com.company.autorization.Autorization Autorization success at com.company.autorization.Autorization.isAutorized(Autorization.java:50)
2018-05-01 11:59:31,235 [ INFO] com.company.Main Parametrs: -egg foo at com.company.Main.main(Main.java:25)
2018-05-01 11:59:37,953 [ INFO] com.company.Main Parametrs: -login pa -pass 12 at com.company.Main.main(Main.java:25)
2018-05-01 11:59:38,082 [DEBUG] com.company.autorization.Autorization Autorization success at com.company.autorization.Autorization.isAutorized(Autorization.java:50)
2018-05-01 11:59:40,083 [ INFO] com.company.Main Parametrs: -login pa -pass 12 -res A.B.C -role WRITE  at com.company.Main.main(Main.java:25)
2018-05-01 11:59:44,469 [DEBUG] com.company.autorization.Autorization Autorization success at com.company.autorization.Autorization.isAutorized(Autorization.java:50)
2018-05-01 11:59:44,539 [DEBUG] com.company.authentific.ResourceParser Authentification success at com.company.authentific.ResourceParser.authentificFromAdress(ResourceParser.java:23)
2018-05-01 11:59:44,542 [DEBUG] com.company.authentific.Authentific Autentification success at com.company.authentific.Authentific.isAuthentificated(Authentific.java:16)
2018-05-01 12:20:22,106 [ INFO] com.company.Main Parametrs: -egg foo at com.company.Main.main(Main.java:25)
2018-05-01 12:20:26,759 [ INFO] com.company.Main Parametrs: -login pa -pass 12 at com.company.Main.main(Main.java:25)
2018-05-01 12:20:26,884 [ERROR] com.company.autorization.Autorization Can not autorize: Wrong password at com.company.autorization.Autorization.isAutorized(Autorization.java:46)
2018-05-01 12:20:29,404 [ INFO] com.company.Main Parametrs: -login pa -pass 12 -res A.B.C -role WRITE  at com.company.Main.main(Main.java:25)
2018-05-01 12:20:35,899 [ERROR] com.company.autorization.Autorization Can not autorize: Wrong password at com.company.autorization.Autorization.isAutorized(Autorization.java:46)
2018-05-01 12:23:04,567 [ INFO] com.company.Main Parametrs: -egg foo at com.company.Main.main(Main.java:25)
2018-05-01 12:23:08,133 [ INFO] com.company.Main Parametrs: -login pa -pass 12 at com.company.Main.main(Main.java:25)
2018-05-01 12:23:08,243 [ERROR] com.company.autorization.Autorization Can not autorize: Wrong password at com.company.autorization.Autorization.isAutorized(Autorization.java:47)
2018-05-01 12:23:09,977 [ INFO] com.company.Main Parametrs: -login pa -pass 12 -res A.B.C -role WRITE  at com.company.Main.main(Main.java:25)
2018-05-01 12:23:41,302 [ERROR] com.company.autorization.Autorization Can not autorize: Wrong password at com.company.autorization.Autorization.isAutorized(Autorization.java:47)
2018-05-01 12:27:21,865 [ INFO] com.company.Main Parametrs: -egg foo at com.company.Main.main(Main.java:25)
2018-05-01 12:27:25,849 [ INFO] com.company.Main Parametrs: -login pa -pass 12 at com.company.Main.main(Main.java:25)
2018-05-01 12:27:25,927 [DEBUG] com.company.autorization.Autorization Autorization success at com.company.autorization.Autorization.isAutorized(Autorization.java:51)
2018-05-01 12:27:27,990 [ INFO] com.company.Main Parametrs: -login pa -pass 12 -res A.B.C -role WRITE  at com.company.Main.main(Main.java:25)
2018-05-01 12:27:32,177 [DEBUG] com.company.autorization.Autorization Autorization success at com.company.autorization.Autorization.isAutorized(Autorization.java:51)
2018-05-01 12:27:32,255 [DEBUG] com.company.authentific.Authentific Authentification success at com.company.authentific.Authentific.isAuthentificated(Authentific.java:16)
2018-05-01 12:31:07,412 [ INFO] com.company.Main Parametrs: -egg foo at com.company.Main.main(Main.java:25)
2018-05-01 12:31:10,974 [ INFO] com.company.Main Parametrs: -login pa -pass 12 at com.company.Main.main(Main.java:25)
2018-05-01 12:31:11,052 [DEBUG] com.company.autorization.Autorization Autorization success at com.company.autorization.Autorization.isAutorized(Autorization.java:51)
2018-05-01 12:31:12,787 [ INFO] com.company.Main Parametrs: -login pa -pass 12 -res A.B.C -role WRITE  at com.company.Main.main(Main.java:25)
2018-05-01 12:31:12,880 [DEBUG] com.company.autorization.Autorization Autorization success at com.company.autorization.Autorization.isAutorized(Autorization.java:51)
2018-05-01 12:31:12,943 [DEBUG] com.company.authentific.Authentific Authentification success at com.company.authentific.Authentific.isAuthentificated(Authentific.java:16)
2018-05-01 12:31:14,724 [ INFO] com.company.Main Parametrs: -login pa -pass 12 -res A.B -role READ -ds 2101-12-12 -de 1233-12-03 -vol 4 at com.company.Main.main(Main.java:25)
2018-05-01 12:31:14,802 [DEBUG] com.company.autorization.Autorization Autorization success at com.company.autorization.Autorization.isAutorized(Autorization.java:51)
2018-05-01 12:31:14,849 [DEBUG] com.company.authentific.Authentific Authentification success at com.company.authentific.Authentific.isAuthentificated(Authentific.java:16)
2018-05-01 12:31:15,224 [DEBUG] com.company.accounting.Accounting Accaunting: pa 2101-12-12 1233-12-03 4 at com.company.accounting.Accounting.isAccounted(Accounting.java:14)
2018-05-01 12:31:16,927 [ INFO] com.company.Main Parametrs: -login pa  at com.company.Main.main(Main.java:25)
2018-05-01 12:31:17,974 [ERROR] com.company.autorization.Autorization Can not autorize: Hasn't password at com.company.autorization.Autorization.isAutorized(Autorization.java:57)
2018-05-01 12:31:19,677 [ INFO] com.company.Main Parametrs: -login pa -pass 12 -role READ at com.company.Main.main(Main.java:25)
2018-05-01 12:31:19,755 [DEBUG] com.company.autorization.Autorization Autorization success at com.company.autorization.Autorization.isAutorized(Autorization.java:51)
2018-05-01 12:31:19,787 [ERROR] com.company.authentific.ResourceParser Authentification failed at com.company.authentific.ResourceParser.authentificFromAdress(ResourceParser.java:27)
2018-05-01 12:31:19,802 [ERROR] com.company.authentific.Authentific Can not authentificate: Wrong resource at com.company.authentific.Authentific.isAuthentificated(Authentific.java:13)
2018-05-01 12:31:21,552 [ INFO] com.company.Main Parametrs: -login kukuruzka -pass 12 at com.company.Main.main(Main.java:25)
2018-05-01 12:31:21,630 [ERROR] com.company.autorization.Autorization Can not autorize: Wrong login at com.company.autorization.Autorization.isAutorized(Autorization.java:44)
2018-05-01 12:31:23,427 [ INFO] com.company.Main Parametrs: -login pa -pass 34 at com.company.Main.main(Main.java:25)
2018-05-01 12:31:23,505 [ERROR] com.company.autorization.Autorization Can not autorize: Wrong password at com.company.autorization.Autorization.isAutorized(Autorization.java:47)
2018-05-01 12:31:25,302 [ INFO] com.company.Main Parametrs: -login pa -pass 12 -res GG -role READ at com.company.Main.main(Main.java:25)
2018-05-01 12:31:25,396 [DEBUG] com.company.autorization.Autorization Autorization success at com.company.autorization.Autorization.isAutorized(Autorization.java:51)
2018-05-01 12:31:25,427 [ERROR] com.company.authentific.ResourceParser Authentification failed at com.company.authentific.ResourceParser.authentificFromAdress(ResourceParser.java:27)
2018-05-01 12:31:25,443 [ERROR] com.company.authentific.Authentific Can not authentificate: Wrong resource at com.company.authentific.Authentific.isAuthentificated(Authentific.java:13)
